# JRE version: OpenJDK Runtime Environment (23.0+27) (build 23-ea+27-2275)
# Java VM: OpenJDK 64-Bit Server VM (23-ea+27-2275, mixed mode, sharing, tiered, compressed oops, compressed class ptrs, g1 gc, windows-amd64)
GC Precious Log:
 CardTable entry size: 512
 Card Set container configuration: InlinePtr #cards 5 size 8 Array Of Cards #cards 10 size 36 Howl #buckets 4 coarsen threshold 1843 Howl Bitmap #cards 512 size 80 coarsen threshold 460 Card regions per heap region 1 cards per card region 2048
 CPUs: 8 total, 8 available
 Memory: 7117M
 Large Page Support: Disabled
 NUMA Support: Disabled
 Compressed Oops: Enabled (32-bit)
 Heap Region Size: 1M
 Heap Min Capacity: 8M
 Heap Initial Capacity: 112M
 Heap Max Capacity: 1780M
 Pre-touch: Disabled
 Parallel Workers: 8
 Concurrent Workers: 2
 Concurrent Refinement Workers: 8
 Periodic GC: Disabled
Heap:
 garbage-first heap   total reserved 1822720K, committed 114688K, used 22335K [0x0000000090c00000, 0x0000000100000000)
  region size 1024K, 19 young (19456K), 7 survivors (7168K)
 Metaspace       used 15689K, committed 15936K, reserved 1114112K
  class space    used 1938K, committed 2048K, reserved 1048576K
GC Heap History (6 events):
Event: 1.220 GC heap before
{Heap before GC invocations=0 (full 0):
 garbage-first heap   total reserved 1822720K, committed 114688K, used 23552K [0x0000000090c00000, 0x0000000100000000)
  region size 1024K, 24 young (24576K), 0 survivors (0K)
 Metaspace       used 6020K, committed 6144K, reserved 1114112K
  class space    used 749K, committed 832K, reserved 1048576K
}
Event: 1.233 GC heap after
{Heap after GC invocations=1 (full 0):
 garbage-first heap   total reserved 1822720K, committed 114688K, used 3840K [0x0000000090c00000, 0x0000000100000000)
  region size 1024K, 3 young (3072K), 3 survivors (3072K)
 Metaspace       used 6020K, committed 6144K, reserved 1114112K
  class space    used 749K, committed 832K, reserved 1048576K
}
Event: 2.017 GC heap before
{Heap before GC invocations=1 (full 0):
 garbage-first heap   total reserved 1822720K, committed 114688K, used 26368K [0x0000000090c00000, 0x0000000100000000)
  region size 1024K, 25 young (25600K), 3 survivors (3072K)
 Metaspace       used 8786K, committed 9024K, reserved 1114112K
  class space    used 1080K, committed 1216K, reserved 1048576K
}
Event: 2.053 GC heap after
{Heap after GC invocations=2 (full 0):
 garbage-first heap   total reserved 1822720K, committed 114688K, used 5198K [0x0000000090c00000, 0x0000000100000000)
  region size 1024K, 2 young (2048K), 2 survivors (2048K)
 Metaspace       used 8786K, committed 9024K, reserved 1114112K
  class space    used 1080K, committed 1216K, reserved 1048576K
}
Event: 4.159 GC heap before
{Heap before GC invocations=2 (full 0):
 garbage-first heap   total reserved 1822720K, committed 114688K, used 56398K [0x0000000090c00000, 0x0000000100000000)
  region size 1024K, 52 young (53248K), 2 survivors (2048K)
 Metaspace       used 15544K, committed 15808K, reserved 1114112K
  class space    used 1929K, committed 2048K, reserved 1048576K
}
Event: 4.177 GC heap after
{Heap after GC invocations=3 (full 0):
 garbage-first heap   total reserved 1822720K, committed 114688K, used 11071K [0x0000000090c00000, 0x0000000100000000)
  region size 1024K, 7 young (7168K), 7 survivors (7168K)
 Metaspace       used 15544K, committed 15808K, reserved 1114112K
  class space    used 1929K, committed 2048K, reserved 1048576K
}

