# JRE version: OpenJDK Runtime Environment Temurin-17.0.11+9 (17.0.11+9) (build 17.0.11+9)
# Java VM: OpenJDK 64-Bit Server VM Temurin-17.0.11+9 (17.0.11+9, mixed mode, emulated-client, tiered, compressed oops, compressed class ptrs, g1 gc, windows-amd64)
GC Precious Log:
 CPUs: 8 total, 8 available
 Memory: 7117M
 Large Page Support: Disabled
 NUMA Support: Disabled
 Compressed Oops: Enabled (32-bit)
 Heap Region Size: 1M
 Heap Min Capacity: 8M
 Heap Initial Capacity: 112M
 Heap Max Capacity: 1G
 Pre-touch: Disabled
 Parallel Workers: 8
 Concurrent Workers: 2
 Concurrent Refinement Workers: 8
 Periodic GC: Disabled
Heap:
 garbage-first heap   total 75776K, used 29873K [0x00000000c0000000, 0x0000000100000000)
  region size 1024K, 6 young (6144K), 4 survivors (4096K)
 Metaspace       used 35966K, committed 36352K, reserved 1114112K
  class space    used 4441K, committed 4608K, reserved 1048576K
GC Heap History (12 events):
Event: 1.655 GC heap before
{Heap before GC invocations=0 (full 0):
 garbage-first heap   total 114688K, used 28672K [0x00000000c0000000, 0x0000000100000000)
  region size 1024K, 23 young (23552K), 0 survivors (0K)
 Metaspace       used 7983K, committed 8128K, reserved 1114112K
  class space    used 876K, committed 960K, reserved 1048576K
}
Event: 1.669 GC heap after
{Heap after GC invocations=1 (full 0):
 garbage-first heap   total 114688K, used 15392K [0x00000000c0000000, 0x0000000100000000)
  region size 1024K, 3 young (3072K), 3 survivors (3072K)
 Metaspace       used 7983K, committed 8128K, reserved 1114112K
  class space    used 876K, committed 960K, reserved 1048576K
}
Event: 3.376 GC heap before
{Heap before GC invocations=1 (full 0):
 garbage-first heap   total 114688K, used 37920K [0x00000000c0000000, 0x0000000100000000)
  region size 1024K, 25 young (25600K), 3 survivors (3072K)
 Metaspace       used 13649K, committed 13824K, reserved 1114112K
  class space    used 1684K, committed 1792K, reserved 1048576K
}
Event: 3.386 GC heap after
{Heap after GC invocations=2 (full 0):
 garbage-first heap   total 114688K, used 17568K [0x00000000c0000000, 0x0000000100000000)
  region size 1024K, 2 young (2048K), 2 survivors (2048K)
 Metaspace       used 13649K, committed 13824K, reserved 1114112K
  class space    used 1684K, committed 1792K, reserved 1048576K
}
Event: 6.191 GC heap before
{Heap before GC invocations=2 (full 0):
 garbage-first heap   total 114688K, used 51360K [0x00000000c0000000, 0x0000000100000000)
  region size 1024K, 37 young (37888K), 2 survivors (2048K)
 Metaspace       used 21228K, committed 21504K, reserved 1114112K
  class space    used 2644K, committed 2816K, reserved 1048576K
}
Event: 6.208 GC heap after
{Heap after GC invocations=3 (full 0):
 garbage-first heap   total 114688K, used 20751K [0x00000000c0000000, 0x0000000100000000)
  region size 1024K, 5 young (5120K), 5 survivors (5120K)
 Metaspace       used 21228K, committed 21504K, reserved 1114112K
  class space    used 2644K, committed 2816K, reserved 1048576K
}
Event: 8.478 GC heap before
{Heap before GC invocations=4 (full 0):
 garbage-first heap   total 75776K, used 57615K [0x00000000c0000000, 0x0000000100000000)
  region size 1024K, 42 young (43008K), 5 survivors (5120K)
 Metaspace       used 27806K, committed 28032K, reserved 1114112K
  class space    used 3475K, committed 3584K, reserved 1048576K
}
Event: 8.494 GC heap after
{Heap after GC invocations=5 (full 0):
 garbage-first heap   total 75776K, used 23978K [0x00000000c0000000, 0x0000000100000000)
  region size 1024K, 4 young (4096K), 4 survivors (4096K)
 Metaspace       used 27806K, committed 28032K, reserved 1114112K
  class space    used 3475K, committed 3584K, reserved 1048576K
}
Event: 11.439 GC heap before
{Heap before GC invocations=5 (full 0):
 garbage-first heap   total 75776K, used 49578K [0x00000000c0000000, 0x0000000100000000)
  region size 1024K, 29 young (29696K), 4 survivors (4096K)
 Metaspace       used 31674K, committed 32064K, reserved 1114112K
  class space    used 4013K, committed 4224K, reserved 1048576K
}
Event: 11.455 GC heap after
{Heap after GC invocations=6 (full 0):
 garbage-first heap   total 75776K, used 25766K [0x00000000c0000000, 0x0000000100000000)
  region size 1024K, 2 young (2048K), 2 survivors (2048K)
 Metaspace       used 31674K, committed 32064K, reserved 1114112K
  class space    used 4013K, committed 4224K, reserved 1048576K
}
Event: 12.761 GC heap before
{Heap before GC invocations=6 (full 0):
 garbage-first heap   total 75776K, used 52390K [0x00000000c0000000, 0x0000000100000000)
  region size 1024K, 28 young (28672K), 2 survivors (2048K)
 Metaspace       used 35573K, committed 35968K, reserved 1114112K
  class space    used 4388K, committed 4608K, reserved 1048576K
}
Event: 12.778 GC heap after
{Heap after GC invocations=7 (full 0):
 garbage-first heap   total 75776K, used 28849K [0x00000000c0000000, 0x0000000100000000)
  region size 1024K, 4 young (4096K), 4 survivors (4096K)
 Metaspace       used 35573K, committed 35968K, reserved 1114112K
  class space    used 4388K, committed 4608K, reserved 1048576K
}

