# JRE version: OpenJDK Runtime Environment Temurin-17.0.11+9 (17.0.11+9) (build 17.0.11+9)
# Java VM: OpenJDK 64-Bit Server VM Temurin-17.0.11+9 (17.0.11+9, mixed mode, tiered, compressed oops, compressed class ptrs, g1 gc, windows-amd64)
GC Precious Log:
 CPUs: 8 total, 8 available
 Memory: 7117M
 Large Page Support: Disabled
 NUMA Support: Disabled
 Compressed Oops: Enabled (32-bit)
 Heap Region Size: 1M
 Heap Min Capacity: 8M
 Heap Initial Capacity: 112M
 Heap Max Capacity: 1780M
 Pre-touch: Disabled
 Parallel Workers: 8
 Concurrent Workers: 2
 Concurrent Refinement Workers: 8
 Periodic GC: Disabled
Heap:
 garbage-first heap   total 282624K, used 83782K [0x0000000090c00000, 0x0000000100000000)
  region size 1024K, 19 young (19456K), 19 survivors (19456K)
 Metaspace       used 37354K, committed 37824K, reserved 1114112K
  class space    used 4505K, committed 4736K, reserved 1048576K
GC Heap History (20 events):
Event: 5.971 GC heap after
{Heap after GC invocations=11 (full 0):
 garbage-first heap   total 68608K, used 25753K [0x0000000090c00000, 0x0000000100000000)
  region size 1024K, 5 young (5120K), 5 survivors (5120K)
 Metaspace       used 36663K, committed 37120K, reserved 1114112K
  class space    used 4454K, committed 4672K, reserved 1048576K
}
Event: 6.102 GC heap before
{Heap before GC invocations=11 (full 0):
 garbage-first heap   total 68608K, used 49305K [0x0000000090c00000, 0x0000000100000000)
  region size 1024K, 28 young (28672K), 5 survivors (5120K)
 Metaspace       used 36812K, committed 37248K, reserved 1114112K
  class space    used 4463K, committed 4672K, reserved 1048576K
}
Event: 6.126 GC heap after
{Heap after GC invocations=12 (full 0):
 garbage-first heap   total 68608K, used 35239K [0x0000000090c00000, 0x0000000100000000)
  region size 1024K, 4 young (4096K), 4 survivors (4096K)
 Metaspace       used 36812K, committed 37248K, reserved 1114112K
  class space    used 4463K, committed 4672K, reserved 1048576K
}
Event: 6.203 GC heap before
{Heap before GC invocations=12 (full 0):
 garbage-first heap   total 68608K, used 48551K [0x0000000090c00000, 0x0000000100000000)
  region size 1024K, 18 young (18432K), 4 survivors (4096K)
 Metaspace       used 37055K, committed 37504K, reserved 1114112K
  class space    used 4489K, committed 4736K, reserved 1048576K
}
Event: 6.223 GC heap after
{Heap after GC invocations=13 (full 0):
 garbage-first heap   total 68608K, used 39761K [0x0000000090c00000, 0x0000000100000000)
  region size 1024K, 3 young (3072K), 3 survivors (3072K)
 Metaspace       used 37055K, committed 37504K, reserved 1114112K
  class space    used 4489K, committed 4736K, reserved 1048576K
}
Event: 6.291 GC heap before
{Heap before GC invocations=14 (full 0):
 garbage-first heap   total 80896K, used 50001K [0x0000000090c00000, 0x0000000100000000)
  region size 1024K, 14 young (14336K), 3 survivors (3072K)
 Metaspace       used 37115K, committed 37632K, reserved 1114112K
  class space    used 4491K, committed 4736K, reserved 1048576K
}
Event: 6.299 GC heap after
{Heap after GC invocations=15 (full 0):
 garbage-first heap   total 80896K, used 41899K [0x0000000090c00000, 0x0000000100000000)
  region size 1024K, 2 young (2048K), 2 survivors (2048K)
 Metaspace       used 37115K, committed 37632K, reserved 1114112K
  class space    used 4491K, committed 4736K, reserved 1048576K
}
Event: 6.341 GC heap before
{Heap before GC invocations=15 (full 0):
 garbage-first heap   total 80896K, used 57259K [0x0000000090c00000, 0x0000000100000000)
  region size 1024K, 18 young (18432K), 2 survivors (2048K)
 Metaspace       used 37222K, committed 37696K, reserved 1114112K
  class space    used 4497K, committed 4736K, reserved 1048576K
}
Event: 6.345 GC heap after
{Heap after GC invocations=16 (full 0):
 garbage-first heap   total 80896K, used 42630K [0x0000000090c00000, 0x0000000100000000)
  region size 1024K, 3 young (3072K), 3 survivors (3072K)
 Metaspace       used 37222K, committed 37696K, reserved 1114112K
  class space    used 4497K, committed 4736K, reserved 1048576K
}
Event: 6.424 GC heap before
{Heap before GC invocations=16 (full 0):
 garbage-first heap   total 97280K, used 59014K [0x0000000090c00000, 0x0000000100000000)
  region size 1024K, 20 young (20480K), 3 survivors (3072K)
 Metaspace       used 37231K, committed 37696K, reserved 1114112K
  class space    used 4497K, committed 4736K, reserved 1048576K
}
Event: 6.431 GC heap after
{Heap after GC invocations=17 (full 0):
 garbage-first heap   total 282624K, used 44140K [0x0000000090c00000, 0x0000000100000000)
  region size 1024K, 2 young (2048K), 2 survivors (2048K)
 Metaspace       used 37231K, committed 37696K, reserved 1114112K
  class space    used 4497K, committed 4736K, reserved 1048576K
}
Event: 6.688 GC heap before
{Heap before GC invocations=18 (full 0):
 garbage-first heap   total 282624K, used 173164K [0x0000000090c00000, 0x0000000100000000)
  region size 1024K, 129 young (132096K), 2 survivors (2048K)
 Metaspace       used 37349K, committed 37824K, reserved 1114112K
  class space    used 4504K, committed 4736K, reserved 1048576K
}
Event: 6.701 GC heap after
{Heap after GC invocations=19 (full 0):
 garbage-first heap   total 282624K, used 53264K [0x0000000090c00000, 0x0000000100000000)
  region size 1024K, 11 young (11264K), 11 survivors (11264K)
 Metaspace       used 37349K, committed 37824K, reserved 1114112K
  class space    used 4504K, committed 4736K, reserved 1048576K
}
Event: 6.706 GC heap before
{Heap before GC invocations=19 (full 0):
 garbage-first heap   total 282624K, used 54288K [0x0000000090c00000, 0x0000000100000000)
  region size 1024K, 13 young (13312K), 11 survivors (11264K)
 Metaspace       used 37353K, committed 37824K, reserved 1114112K
  class space    used 4505K, committed 4736K, reserved 1048576K
}
Event: 6.714 GC heap after
{Heap after GC invocations=20 (full 0):
 garbage-first heap   total 282624K, used 54209K [0x0000000090c00000, 0x0000000100000000)
  region size 1024K, 2 young (2048K), 2 survivors (2048K)
 Metaspace       used 37353K, committed 37824K, reserved 1114112K
  class space    used 4505K, committed 4736K, reserved 1048576K
}
Event: 6.992 GC heap before
{Heap before GC invocations=20 (full 0):
 garbage-first heap   total 282624K, used 196545K [0x0000000090c00000, 0x0000000100000000)
  region size 1024K, 142 young (145408K), 2 survivors (2048K)
 Metaspace       used 37353K, committed 37824K, reserved 1114112K
  class space    used 4505K, committed 4736K, reserved 1048576K
}
Event: 7.003 GC heap after
{Heap after GC invocations=21 (full 0):
 garbage-first heap   total 282624K, used 64068K [0x0000000090c00000, 0x0000000100000000)
  region size 1024K, 12 young (12288K), 12 survivors (12288K)
 Metaspace       used 37353K, committed 37824K, reserved 1114112K
  class space    used 4505K, committed 4736K, reserved 1048576K
}
Event: 7.153 GC heap before
{Heap before GC invocations=21 (full 0):
 garbage-first heap   total 282624K, used 205380K [0x0000000090c00000, 0x0000000100000000)
  region size 1024K, 150 young (153600K), 12 survivors (12288K)
 Metaspace       used 37353K, committed 37824K, reserved 1114112K
  class space    used 4505K, committed 4736K, reserved 1048576K
}
Event: 7.169 GC heap after
{Heap after GC invocations=22 (full 0):
 garbage-first heap   total 282624K, used 75252K [0x0000000090c00000, 0x0000000100000000)
  region size 1024K, 11 young (11264K), 11 survivors (11264K)
 Metaspace       used 37353K, committed 37824K, reserved 1114112K
  class space    used 4505K, committed 4736K, reserved 1048576K
}
Event: 7.345 GC heap before
{Heap before GC invocations=22 (full 0):
 garbage-first heap   total 282624K, used 212468K [0x0000000090c00000, 0x0000000100000000)
  region size 1024K, 146 young (149504K), 11 survivors (11264K)
 Metaspace       used 37354K, committed 37824K, reserved 1114112K
  class space    used 4505K, committed 4736K, reserved 1048576K
}

