# JRE version: OpenJDK Runtime Environment Temurin-17.0.11+9 (17.0.11+9) (build 17.0.11+9)
# Java VM: OpenJDK 64-Bit Server VM Temurin-17.0.11+9 (17.0.11+9, mixed mode, tiered, compressed oops, compressed class ptrs, parallel gc, windows-amd64)
GC Precious Log:
 CPUs: 8 total, 8 available
 Memory: 7117M
 Large Page Support: Disabled
 NUMA Support: Disabled
 Compressed Oops: Enabled (32-bit)
 Alignments: Space 512K, Generation 512K, Heap 2M
 Heap Min Capacity: 100M
 Heap Initial Capacity: 100M
 Heap Max Capacity: 1G
 Pre-touch: Disabled
 Parallel Workers: 8
Heap:
 PSYoungGen      total 10752K, used 8952K [0x00000000eab00000, 0x00000000eb900000, 0x0000000100000000)
  eden space 7680K, 81% used [0x00000000eab00000,0x00000000eb132718,0x00000000eb280000)
  from space 3072K, 86% used [0x00000000eb600000,0x00000000eb898020,0x00000000eb900000)
  to   space 3072K, 0% used [0x00000000eb300000,0x00000000eb300000,0x00000000eb600000)
 ParOldGen       total 246784K, used 205491K [0x00000000c0000000, 0x00000000cf100000, 0x00000000eab00000)
  object space 246784K, 83% used [0x00000000c0000000,0x00000000cc8acce8,0x00000000cf100000)
 Metaspace       used 86555K, committed 88128K, reserved 1179648K
  class space    used 9190K, committed 9856K, reserved 1048576K
GC Heap History (20 events):
Event: 422.413 GC heap before
{Heap before GC invocations=755 (full 17):
 PSYoungGen      total 8192K, used 505K [0x00000000eab00000, 0x00000000ebc80000, 0x0000000100000000)
  eden space 7680K, 0% used [0x00000000eab00000,0x00000000eab00000,0x00000000eb280000)
  from space 512K, 98% used [0x00000000eb600000,0x00000000eb67e7f8,0x00000000eb680000)
  to   space 5120K, 0% used [0x00000000eb780000,0x00000000eb780000,0x00000000ebc80000)
 ParOldGen       total 256512K, used 256142K [0x00000000c0000000, 0x00000000cfa80000, 0x00000000eab00000)
  object space 256512K, 99% used [0x00000000c0000000,0x00000000cfa239f0,0x00000000cfa80000)
 Metaspace       used 86252K, committed 87872K, reserved 1179648K
  class space    used 9169K, committed 9856K, reserved 1048576K
}
Event: 422.599 GC heap after
{Heap after GC invocations=755 (full 17):
 PSYoungGen      total 12800K, used 0K [0x00000000eab00000, 0x00000000ebc80000, 0x0000000100000000)
  eden space 7680K, 0% used [0x00000000eab00000,0x00000000eab00000,0x00000000eb280000)
  from space 5120K, 0% used [0x00000000eb780000,0x00000000eb780000,0x00000000ebc80000)
  to   space 5120K, 0% used [0x00000000eb280000,0x00000000eb280000,0x00000000eb780000)
 ParOldGen       total 246784K, used 202497K [0x00000000c0000000, 0x00000000cf100000, 0x00000000eab00000)
  object space 246784K, 82% used [0x00000000c0000000,0x00000000cc5c04f8,0x00000000cf100000)
 Metaspace       used 85999K, committed 87808K, reserved 1179648K
  class space    used 9147K, committed 9856K, reserved 1048576K
}
Event: 422.730 GC heap before
{Heap before GC invocations=756 (full 17):
 PSYoungGen      total 12800K, used 7680K [0x00000000eab00000, 0x00000000ebc80000, 0x0000000100000000)
  eden space 7680K, 100% used [0x00000000eab00000,0x00000000eb280000,0x00000000eb280000)
  from space 5120K, 0% used [0x00000000eb780000,0x00000000eb780000,0x00000000ebc80000)
  to   space 5120K, 0% used [0x00000000eb280000,0x00000000eb280000,0x00000000eb780000)
 ParOldGen       total 246784K, used 202497K [0x00000000c0000000, 0x00000000cf100000, 0x00000000eab00000)
  object space 246784K, 82% used [0x00000000c0000000,0x00000000cc5c04f8,0x00000000cf100000)
 Metaspace       used 86006K, committed 87808K, reserved 1179648K
  class space    used 9147K, committed 9856K, reserved 1048576K
}
Event: 422.733 GC heap after
{Heap after GC invocations=756 (full 17):
 PSYoungGen      total 12800K, used 5027K [0x00000000eab00000, 0x00000000ebd80000, 0x0000000100000000)
  eden space 7680K, 0% used [0x00000000eab00000,0x00000000eab00000,0x00000000eb280000)
  from space 5120K, 98% used [0x00000000eb280000,0x00000000eb768ea8,0x00000000eb780000)
  to   space 5632K, 0% used [0x00000000eb800000,0x00000000eb800000,0x00000000ebd80000)
 ParOldGen       total 246784K, used 202497K [0x00000000c0000000, 0x00000000cf100000, 0x00000000eab00000)
  object space 246784K, 82% used [0x00000000c0000000,0x00000000cc5c04f8,0x00000000cf100000)
 Metaspace       used 86006K, committed 87808K, reserved 1179648K
  class space    used 9147K, committed 9856K, reserved 1048576K
}
Event: 422.811 GC heap before
{Heap before GC invocations=757 (full 17):
 PSYoungGen      total 12800K, used 12707K [0x00000000eab00000, 0x00000000ebd80000, 0x0000000100000000)
  eden space 7680K, 100% used [0x00000000eab00000,0x00000000eb280000,0x00000000eb280000)
  from space 5120K, 98% used [0x00000000eb280000,0x00000000eb768ea8,0x00000000eb780000)
  to   space 5632K, 0% used [0x00000000eb800000,0x00000000eb800000,0x00000000ebd80000)
 ParOldGen       total 246784K, used 202497K [0x00000000c0000000, 0x00000000cf100000, 0x00000000eab00000)
  object space 246784K, 82% used [0x00000000c0000000,0x00000000cc5c04f8,0x00000000cf100000)
 Metaspace       used 86022K, committed 87808K, reserved 1179648K
  class space    used 9147K, committed 9856K, reserved 1048576K
}
Event: 422.815 GC heap after
{Heap after GC invocations=757 (full 17):
 PSYoungGen      total 9728K, used 1888K [0x00000000eab00000, 0x00000000eba00000, 0x0000000100000000)
  eden space 7680K, 0% used [0x00000000eab00000,0x00000000eab00000,0x00000000eb280000)
  from space 2048K, 92% used [0x00000000eb800000,0x00000000eb9d8060,0x00000000eba00000)
  to   space 3072K, 0% used [0x00000000eb400000,0x00000000eb400000,0x00000000eb700000)
 ParOldGen       total 246784K, used 202497K [0x00000000c0000000, 0x00000000cf100000, 0x00000000eab00000)
  object space 246784K, 82% used [0x00000000c0000000,0x00000000cc5c04f8,0x00000000cf100000)
 Metaspace       used 86022K, committed 87808K, reserved 1179648K
  class space    used 9147K, committed 9856K, reserved 1048576K
}
Event: 422.921 GC heap before
{Heap before GC invocations=758 (full 17):
 PSYoungGen      total 9728K, used 9531K [0x00000000eab00000, 0x00000000eba00000, 0x0000000100000000)
  eden space 7680K, 99% used [0x00000000eab00000,0x00000000eb276c98,0x00000000eb280000)
  from space 2048K, 92% used [0x00000000eb800000,0x00000000eb9d8060,0x00000000eba00000)
  to   space 3072K, 0% used [0x00000000eb400000,0x00000000eb400000,0x00000000eb700000)
 ParOldGen       total 246784K, used 202497K [0x00000000c0000000, 0x00000000cf100000, 0x00000000eab00000)
  object space 246784K, 82% used [0x00000000c0000000,0x00000000cc5c04f8,0x00000000cf100000)
 Metaspace       used 86367K, committed 88000K, reserved 1179648K
  class space    used 9178K, committed 9856K, reserved 1048576K
}
Event: 422.923 GC heap after
{Heap after GC invocations=758 (full 17):
 PSYoungGen      total 9728K, used 1786K [0x00000000eab00000, 0x00000000eb880000, 0x0000000100000000)
  eden space 7680K, 0% used [0x00000000eab00000,0x00000000eab00000,0x00000000eb280000)
  from space 2048K, 87% used [0x00000000eb400000,0x00000000eb5bea38,0x00000000eb600000)
  to   space 2048K, 0% used [0x00000000eb680000,0x00000000eb680000,0x00000000eb880000)
 ParOldGen       total 246784K, used 202505K [0x00000000c0000000, 0x00000000cf100000, 0x00000000eab00000)
  object space 246784K, 82% used [0x00000000c0000000,0x00000000cc5c24f8,0x00000000cf100000)
 Metaspace       used 86367K, committed 88000K, reserved 1179648K
  class space    used 9178K, committed 9856K, reserved 1048576K
}
Event: 440.749 GC heap before
{Heap before GC invocations=759 (full 17):
 PSYoungGen      total 9728K, used 9466K [0x00000000eab00000, 0x00000000eb880000, 0x0000000100000000)
  eden space 7680K, 100% used [0x00000000eab00000,0x00000000eb280000,0x00000000eb280000)
  from space 2048K, 87% used [0x00000000eb400000,0x00000000eb5bea38,0x00000000eb600000)
  to   space 2048K, 0% used [0x00000000eb680000,0x00000000eb680000,0x00000000eb880000)
 ParOldGen       total 246784K, used 202505K [0x00000000c0000000, 0x00000000cf100000, 0x00000000eab00000)
  object space 246784K, 82% used [0x00000000c0000000,0x00000000cc5c24f8,0x00000000cf100000)
 Metaspace       used 86498K, committed 88064K, reserved 1179648K
  class space    used 9188K, committed 9856K, reserved 1048576K
}
Event: 440.751 GC heap after
{Heap after GC invocations=759 (full 17):
 PSYoungGen      total 9728K, used 1696K [0x00000000eab00000, 0x00000000eb880000, 0x0000000100000000)
  eden space 7680K, 0% used [0x00000000eab00000,0x00000000eab00000,0x00000000eb280000)
  from space 2048K, 82% used [0x00000000eb680000,0x00000000eb828020,0x00000000eb880000)
  to   space 2048K, 0% used [0x00000000eb400000,0x00000000eb400000,0x00000000eb600000)
 ParOldGen       total 246784K, used 202513K [0x00000000c0000000, 0x00000000cf100000, 0x00000000eab00000)
  object space 246784K, 82% used [0x00000000c0000000,0x00000000cc5c44f8,0x00000000cf100000)
 Metaspace       used 86498K, committed 88064K, reserved 1179648K
  class space    used 9188K, committed 9856K, reserved 1048576K
}
Event: 440.821 GC heap before
{Heap before GC invocations=760 (full 17):
 PSYoungGen      total 9728K, used 9376K [0x00000000eab00000, 0x00000000eb880000, 0x0000000100000000)
  eden space 7680K, 100% used [0x00000000eab00000,0x00000000eb280000,0x00000000eb280000)
  from space 2048K, 82% used [0x00000000eb680000,0x00000000eb828020,0x00000000eb880000)
  to   space 2048K, 0% used [0x00000000eb400000,0x00000000eb400000,0x00000000eb600000)
 ParOldGen       total 246784K, used 202513K [0x00000000c0000000, 0x00000000cf100000, 0x00000000eab00000)
  object space 246784K, 82% used [0x00000000c0000000,0x00000000cc5c44f8,0x00000000cf100000)
 Metaspace       used 86503K, committed 88128K, reserved 1179648K
  class space    used 9188K, committed 9856K, reserved 1048576K
}
Event: 440.823 GC heap after
{Heap after GC invocations=760 (full 17):
 PSYoungGen      total 9728K, used 2032K [0x00000000eab00000, 0x00000000eb880000, 0x0000000100000000)
  eden space 7680K, 0% used [0x00000000eab00000,0x00000000eab00000,0x00000000eb280000)
  from space 2048K, 99% used [0x00000000eb400000,0x00000000eb5fc030,0x00000000eb600000)
  to   space 2560K, 0% used [0x00000000eb600000,0x00000000eb600000,0x00000000eb880000)
 ParOldGen       total 246784K, used 203057K [0x00000000c0000000, 0x00000000cf100000, 0x00000000eab00000)
  object space 246784K, 82% used [0x00000000c0000000,0x00000000cc64c4f8,0x00000000cf100000)
 Metaspace       used 86503K, committed 88128K, reserved 1179648K
  class space    used 9188K, committed 9856K, reserved 1048576K
}
Event: 440.950 GC heap before
{Heap before GC invocations=761 (full 17):
 PSYoungGen      total 9728K, used 9712K [0x00000000eab00000, 0x00000000eb880000, 0x0000000100000000)
  eden space 7680K, 100% used [0x00000000eab00000,0x00000000eb280000,0x00000000eb280000)
  from space 2048K, 99% used [0x00000000eb400000,0x00000000eb5fc030,0x00000000eb600000)
  to   space 2560K, 0% used [0x00000000eb600000,0x00000000eb600000,0x00000000eb880000)
 ParOldGen       total 246784K, used 203057K [0x00000000c0000000, 0x00000000cf100000, 0x00000000eab00000)
  object space 246784K, 82% used [0x00000000c0000000,0x00000000cc64c4f8,0x00000000cf100000)
 Metaspace       used 86527K, committed 88128K, reserved 1179648K
  class space    used 9190K, committed 9856K, reserved 1048576K
}
Event: 440.954 GC heap after
{Heap after GC invocations=761 (full 17):
 PSYoungGen      total 9728K, used 1568K [0x00000000eab00000, 0x00000000eb800000, 0x0000000100000000)
  eden space 7680K, 0% used [0x00000000eab00000,0x00000000eab00000,0x00000000eb280000)
  from space 2048K, 76% used [0x00000000eb600000,0x00000000eb788000,0x00000000eb800000)
  to   space 2048K, 0% used [0x00000000eb400000,0x00000000eb400000,0x00000000eb600000)
 ParOldGen       total 246784K, used 203561K [0x00000000c0000000, 0x00000000cf100000, 0x00000000eab00000)
  object space 246784K, 82% used [0x00000000c0000000,0x00000000cc6ca518,0x00000000cf100000)
 Metaspace       used 86527K, committed 88128K, reserved 1179648K
  class space    used 9190K, committed 9856K, reserved 1048576K
}
Event: 441.174 GC heap before
{Heap before GC invocations=762 (full 17):
 PSYoungGen      total 9728K, used 9248K [0x00000000eab00000, 0x00000000eb800000, 0x0000000100000000)
  eden space 7680K, 100% used [0x00000000eab00000,0x00000000eb280000,0x00000000eb280000)
  from space 2048K, 76% used [0x00000000eb600000,0x00000000eb788000,0x00000000eb800000)
  to   space 2048K, 0% used [0x00000000eb400000,0x00000000eb400000,0x00000000eb600000)
 ParOldGen       total 246784K, used 203561K [0x00000000c0000000, 0x00000000cf100000, 0x00000000eab00000)
  object space 246784K, 82% used [0x00000000c0000000,0x00000000cc6ca518,0x00000000cf100000)
 Metaspace       used 86538K, committed 88128K, reserved 1179648K
  class space    used 9190K, committed 9856K, reserved 1048576K
}
Event: 441.178 GC heap after
{Heap after GC invocations=762 (full 17):
 PSYoungGen      total 9728K, used 2032K [0x00000000eab00000, 0x00000000eb880000, 0x0000000100000000)
  eden space 7680K, 0% used [0x00000000eab00000,0x00000000eab00000,0x00000000eb280000)
  from space 2048K, 99% used [0x00000000eb400000,0x00000000eb5fc010,0x00000000eb600000)
  to   space 2560K, 0% used [0x00000000eb600000,0x00000000eb600000,0x00000000eb880000)
 ParOldGen       total 246784K, used 203945K [0x00000000c0000000, 0x00000000cf100000, 0x00000000eab00000)
  object space 246784K, 82% used [0x00000000c0000000,0x00000000cc72a518,0x00000000cf100000)
 Metaspace       used 86538K, committed 88128K, reserved 1179648K
  class space    used 9190K, committed 9856K, reserved 1048576K
}
Event: 441.206 GC heap before
{Heap before GC invocations=763 (full 17):
 PSYoungGen      total 9728K, used 9698K [0x00000000eab00000, 0x00000000eb880000, 0x0000000100000000)
  eden space 7680K, 99% used [0x00000000eab00000,0x00000000eb27cbb0,0x00000000eb280000)
  from space 2048K, 99% used [0x00000000eb400000,0x00000000eb5fc010,0x00000000eb600000)
  to   space 2560K, 0% used [0x00000000eb600000,0x00000000eb600000,0x00000000eb880000)
 ParOldGen       total 246784K, used 203945K [0x00000000c0000000, 0x00000000cf100000, 0x00000000eab00000)
  object space 246784K, 82% used [0x00000000c0000000,0x00000000cc72a518,0x00000000cf100000)
 Metaspace       used 86538K, committed 88128K, reserved 1179648K
  class space    used 9190K, committed 9856K, reserved 1048576K
}
Event: 441.209 GC heap after
{Heap after GC invocations=763 (full 17):
 PSYoungGen      total 10240K, used 2320K [0x00000000eab00000, 0x00000000eb880000, 0x0000000100000000)
  eden space 7680K, 0% used [0x00000000eab00000,0x00000000eab00000,0x00000000eb280000)
  from space 2560K, 90% used [0x00000000eb600000,0x00000000eb844010,0x00000000eb880000)
  to   space 2560K, 0% used [0x00000000eb380000,0x00000000eb380000,0x00000000eb600000)
 ParOldGen       total 246784K, used 204273K [0x00000000c0000000, 0x00000000cf100000, 0x00000000eab00000)
  object space 246784K, 82% used [0x00000000c0000000,0x00000000cc77c518,0x00000000cf100000)
 Metaspace       used 86538K, committed 88128K, reserved 1179648K
  class space    used 9190K, committed 9856K, reserved 1048576K
}
Event: 441.234 GC heap before
{Heap before GC invocations=764 (full 17):
 PSYoungGen      total 10240K, used 10000K [0x00000000eab00000, 0x00000000eb880000, 0x0000000100000000)
  eden space 7680K, 100% used [0x00000000eab00000,0x00000000eb280000,0x00000000eb280000)
  from space 2560K, 90% used [0x00000000eb600000,0x00000000eb844010,0x00000000eb880000)
  to   space 2560K, 0% used [0x00000000eb380000,0x00000000eb380000,0x00000000eb600000)
 ParOldGen       total 246784K, used 204273K [0x00000000c0000000, 0x00000000cf100000, 0x00000000eab00000)
  object space 246784K, 82% used [0x00000000c0000000,0x00000000cc77c518,0x00000000cf100000)
 Metaspace       used 86539K, committed 88128K, reserved 1179648K
  class space    used 9190K, committed 9856K, reserved 1048576K
}
Event: 441.237 GC heap after
{Heap after GC invocations=764 (full 17):
 PSYoungGen      total 10240K, used 2544K [0x00000000eab00000, 0x00000000eb980000, 0x0000000100000000)
  eden space 7680K, 0% used [0x00000000eab00000,0x00000000eab00000,0x00000000eb280000)
  from space 2560K, 99% used [0x00000000eb380000,0x00000000eb5fc030,0x00000000eb600000)
  to   space 3584K, 0% used [0x00000000eb600000,0x00000000eb600000,0x00000000eb980000)
 ParOldGen       total 246784K, used 204785K [0x00000000c0000000, 0x00000000cf100000, 0x00000000eab00000)
  object space 246784K, 82% used [0x00000000c0000000,0x00000000cc7fc528,0x00000000cf100000)
 Metaspace       used 86539K, committed 88128K, reserved 1179648K
  class space    used 9190K, committed 9856K, reserved 1048576K
}

