# JRE version: OpenJDK Runtime Environment Temurin-17.0.11+9 (17.0.11+9) (build 17.0.11+9)
# Java VM: OpenJDK 64-Bit Server VM Temurin-17.0.11+9 (17.0.11+9, mixed mode, tiered, compressed oops, compressed class ptrs, g1 gc, windows-amd64)
GC Precious Log:
 CPUs: 8 total, 8 available
 Memory: 7117M
 Large Page Support: Disabled
 NUMA Support: Disabled
 Compressed Oops: Enabled (32-bit)
 Heap Region Size: 1M
 Heap Min Capacity: 8M
 Heap Initial Capacity: 112M
 Heap Max Capacity: 1780M
 Pre-touch: Disabled
 Parallel Workers: 8
 Concurrent Workers: 2
 Concurrent Refinement Workers: 8
 Periodic GC: Disabled
Heap:
 garbage-first heap   total 638976K, used 481334K [0x0000000090c00000, 0x0000000100000000)
  region size 1024K, 260 young (266240K), 13 survivors (13312K)
 Metaspace       used 44215K, committed 44672K, reserved 1114112K
  class space    used 5752K, committed 5952K, reserved 1048576K
GC Heap History (20 events):
Event: 8.221 GC heap before
{Heap before GC invocations=24 (full 0):
 garbage-first heap   total 280576K, used 205402K [0x0000000090c00000, 0x0000000100000000)
  region size 1024K, 151 young (154624K), 18 survivors (18432K)
 Metaspace       used 37338K, committed 37824K, reserved 1114112K
  class space    used 4505K, committed 4736K, reserved 1048576K
}
Event: 8.244 GC heap after
{Heap after GC invocations=25 (full 0):
 garbage-first heap   total 280576K, used 79667K [0x0000000090c00000, 0x0000000100000000)
  region size 1024K, 10 young (10240K), 10 survivors (10240K)
 Metaspace       used 37338K, committed 37824K, reserved 1114112K
  class space    used 4505K, committed 4736K, reserved 1048576K
}
Event: 8.515 GC heap before
{Heap before GC invocations=25 (full 0):
 garbage-first heap   total 280576K, used 211763K [0x0000000090c00000, 0x0000000100000000)
  region size 1024K, 140 young (143360K), 10 survivors (10240K)
 Metaspace       used 37338K, committed 37824K, reserved 1114112K
  class space    used 4505K, committed 4736K, reserved 1048576K
}
Event: 8.534 GC heap after
{Heap after GC invocations=26 (full 0):
 garbage-first heap   total 280576K, used 87839K [0x0000000090c00000, 0x0000000100000000)
  region size 1024K, 18 young (18432K), 18 survivors (18432K)
 Metaspace       used 37338K, committed 37824K, reserved 1114112K
  class space    used 4505K, committed 4736K, reserved 1048576K
}
Event: 8.821 GC heap before
{Heap before GC invocations=26 (full 0):
 garbage-first heap   total 280576K, used 217887K [0x0000000090c00000, 0x0000000100000000)
  region size 1024K, 146 young (149504K), 18 survivors (18432K)
 Metaspace       used 37339K, committed 37824K, reserved 1114112K
  class space    used 4505K, committed 4736K, reserved 1048576K
}
Event: 8.846 GC heap after
{Heap after GC invocations=27 (full 0):
 garbage-first heap   total 490496K, used 94593K [0x0000000090c00000, 0x0000000100000000)
  region size 1024K, 16 young (16384K), 16 survivors (16384K)
 Metaspace       used 37339K, committed 37824K, reserved 1114112K
  class space    used 4505K, committed 4736K, reserved 1048576K
}
Event: 12.588 GC heap before
{Heap before GC invocations=27 (full 0):
 garbage-first heap   total 490496K, used 373121K [0x0000000090c00000, 0x0000000100000000)
  region size 1024K, 287 young (293888K), 16 survivors (16384K)
 Metaspace       used 37368K, committed 37824K, reserved 1114112K
  class space    used 4505K, committed 4736K, reserved 1048576K
}
Event: 12.624 GC heap after
{Heap after GC invocations=28 (full 0):
 garbage-first heap   total 490496K, used 113031K [0x0000000090c00000, 0x0000000100000000)
  region size 1024K, 32 young (32768K), 32 survivors (32768K)
 Metaspace       used 37368K, committed 37824K, reserved 1114112K
  class space    used 4505K, committed 4736K, reserved 1048576K
}
Event: 14.772 GC heap before
{Heap before GC invocations=28 (full 0):
 garbage-first heap   total 490496K, used 374151K [0x0000000090c00000, 0x0000000100000000)
  region size 1024K, 287 young (293888K), 32 survivors (32768K)
 Metaspace       used 37368K, committed 37824K, reserved 1114112K
  class space    used 4505K, committed 4736K, reserved 1048576K
}
Event: 14.845 GC heap after
{Heap after GC invocations=29 (full 0):
 garbage-first heap   total 490496K, used 132203K [0x0000000090c00000, 0x0000000100000000)
  region size 1024K, 36 young (36864K), 36 survivors (36864K)
 Metaspace       used 37368K, committed 37824K, reserved 1114112K
  class space    used 4505K, committed 4736K, reserved 1048576K
}
Event: 15.623 GC heap before
{Heap before GC invocations=29 (full 0):
 garbage-first heap   total 490496K, used 390251K [0x0000000090c00000, 0x0000000100000000)
  region size 1024K, 286 young (292864K), 36 survivors (36864K)
 Metaspace       used 37368K, committed 37824K, reserved 1114112K
  class space    used 4505K, committed 4736K, reserved 1048576K
}
Event: 15.673 GC heap after
{Heap after GC invocations=30 (full 0):
 garbage-first heap   total 490496K, used 152781K [0x0000000090c00000, 0x0000000100000000)
  region size 1024K, 36 young (36864K), 36 survivors (36864K)
 Metaspace       used 37368K, committed 37824K, reserved 1114112K
  class space    used 4505K, committed 4736K, reserved 1048576K
}
Event: 17.852 GC heap before
{Heap before GC invocations=30 (full 0):
 garbage-first heap   total 490496K, used 393421K [0x0000000090c00000, 0x0000000100000000)
  region size 1024K, 271 young (277504K), 36 survivors (36864K)
 Metaspace       used 44196K, committed 44672K, reserved 1114112K
  class space    used 5752K, committed 5952K, reserved 1048576K
}
Event: 17.905 GC heap after
{Heap after GC invocations=31 (full 0):
 garbage-first heap   total 490496K, used 173693K [0x0000000090c00000, 0x0000000100000000)
  region size 1024K, 34 young (34816K), 34 survivors (34816K)
 Metaspace       used 44196K, committed 44672K, reserved 1114112K
  class space    used 5752K, committed 5952K, reserved 1048576K
}
Event: 18.270 GC heap before
{Heap before GC invocations=31 (full 0):
 garbage-first heap   total 490496K, used 381565K [0x0000000090c00000, 0x0000000100000000)
  region size 1024K, 239 young (244736K), 34 survivors (34816K)
 Metaspace       used 44215K, committed 44672K, reserved 1114112K
  class space    used 5752K, committed 5952K, reserved 1048576K
}
Event: 18.325 GC heap after
{Heap after GC invocations=32 (full 0):
 garbage-first heap   total 490496K, used 199753K [0x0000000090c00000, 0x0000000100000000)
  region size 1024K, 28 young (28672K), 28 survivors (28672K)
 Metaspace       used 44215K, committed 44672K, reserved 1114112K
  class space    used 5752K, committed 5952K, reserved 1048576K
}
Event: 18.634 GC heap before
{Heap before GC invocations=32 (full 0):
 garbage-first heap   total 490496K, used 385097K [0x0000000090c00000, 0x0000000100000000)
  region size 1024K, 209 young (214016K), 28 survivors (28672K)
 Metaspace       used 44215K, committed 44672K, reserved 1114112K
  class space    used 5752K, committed 5952K, reserved 1048576K
}
Event: 18.657 GC heap after
{Heap after GC invocations=33 (full 0):
 garbage-first heap   total 490496K, used 216189K [0x0000000090c00000, 0x0000000100000000)
  region size 1024K, 16 young (16384K), 16 survivors (16384K)
 Metaspace       used 44215K, committed 44672K, reserved 1114112K
  class space    used 5752K, committed 5952K, reserved 1048576K
}
Event: 18.906 GC heap before
{Heap before GC invocations=33 (full 0):
 garbage-first heap   total 490496K, used 392317K [0x0000000090c00000, 0x0000000100000000)
  region size 1024K, 189 young (193536K), 16 survivors (16384K)
 Metaspace       used 44215K, committed 44672K, reserved 1114112K
  class space    used 5752K, committed 5952K, reserved 1048576K
}
Event: 18.929 GC heap after
{Heap after GC invocations=34 (full 0):
 garbage-first heap   total 638976K, used 228406K [0x0000000090c00000, 0x0000000100000000)
  region size 1024K, 13 young (13312K), 13 survivors (13312K)
 Metaspace       used 44215K, committed 44672K, reserved 1114112K
  class space    used 5752K, committed 5952K, reserved 1048576K
}

