# JRE version: OpenJDK Runtime Environment Temurin-17.0.11+9 (17.0.11+9) (build 17.0.11+9)
# Java VM: OpenJDK 64-Bit Server VM Temurin-17.0.11+9 (17.0.11+9, mixed mode, tiered, compressed oops, compressed class ptrs, g1 gc, windows-amd64)
GC Precious Log:
 CPUs: 8 total, 8 available
 Memory: 7117M
 Large Page Support: Disabled
 NUMA Support: Disabled
 Compressed Oops: Enabled (32-bit)
 Heap Region Size: 1M
 Heap Min Capacity: 8M
 Heap Initial Capacity: 112M
 Heap Max Capacity: 1780M
 Pre-touch: Disabled
 Parallel Workers: 8
 Concurrent Workers: 2
 Concurrent Refinement Workers: 8
 Periodic GC: Disabled
Heap:
 garbage-first heap   total 284672K, used 90557K [0x0000000090c00000, 0x0000000100000000)
  region size 1024K, 18 young (18432K), 18 survivors (18432K)
 Metaspace       used 37965K, committed 38400K, reserved 1114112K
  class space    used 4599K, committed 4800K, reserved 1048576K
GC Heap History (20 events):
Event: 6.552 GC heap after
{Heap after GC invocations=15 (full 0):
 garbage-first heap   total 88064K, used 31482K [0x0000000090c00000, 0x0000000100000000)
  region size 1024K, 2 young (2048K), 2 survivors (2048K)
 Metaspace       used 37421K, committed 37888K, reserved 1114112K
  class space    used 4557K, committed 4800K, reserved 1048576K
}
Event: 6.782 GC heap before
{Heap before GC invocations=16 (full 0):
 garbage-first heap   total 88064K, used 61178K [0x0000000090c00000, 0x0000000100000000)
  region size 1024K, 32 young (32768K), 2 survivors (2048K)
 Metaspace       used 37735K, committed 38208K, reserved 1114112K
  class space    used 4586K, committed 4800K, reserved 1048576K
}
Event: 6.804 GC heap after
{Heap after GC invocations=17 (full 0):
 garbage-first heap   total 88064K, used 40539K [0x0000000090c00000, 0x0000000100000000)
  region size 1024K, 4 young (4096K), 4 survivors (4096K)
 Metaspace       used 37735K, committed 38208K, reserved 1114112K
  class space    used 4586K, committed 4800K, reserved 1048576K
}
Event: 6.855 GC heap before
{Heap before GC invocations=17 (full 0):
 garbage-first heap   total 88064K, used 62043K [0x0000000090c00000, 0x0000000100000000)
  region size 1024K, 26 young (26624K), 4 survivors (4096K)
 Metaspace       used 37833K, committed 38272K, reserved 1114112K
  class space    used 4591K, committed 4800K, reserved 1048576K
}
Event: 6.866 GC heap after
{Heap after GC invocations=18 (full 0):
 garbage-first heap   total 88064K, used 43169K [0x0000000090c00000, 0x0000000100000000)
  region size 1024K, 3 young (3072K), 3 survivors (3072K)
 Metaspace       used 37833K, committed 38272K, reserved 1114112K
  class space    used 4591K, committed 4800K, reserved 1048576K
}
Event: 6.921 GC heap before
{Heap before GC invocations=18 (full 0):
 garbage-first heap   total 88064K, used 63649K [0x0000000090c00000, 0x0000000100000000)
  region size 1024K, 24 young (24576K), 3 survivors (3072K)
 Metaspace       used 37845K, committed 38272K, reserved 1114112K
  class space    used 4591K, committed 4800K, reserved 1048576K
}
Event: 6.928 GC heap after
{Heap after GC invocations=19 (full 0):
 garbage-first heap   total 88064K, used 44865K [0x0000000090c00000, 0x0000000100000000)
  region size 1024K, 2 young (2048K), 2 survivors (2048K)
 Metaspace       used 37845K, committed 38272K, reserved 1114112K
  class space    used 4591K, committed 4800K, reserved 1048576K
}
Event: 7.020 GC heap before
{Heap before GC invocations=20 (full 0):
 garbage-first heap   total 104448K, used 66369K [0x0000000090c00000, 0x0000000100000000)
  region size 1024K, 24 young (24576K), 2 survivors (2048K)
 Metaspace       used 37864K, committed 38272K, reserved 1114112K
  class space    used 4591K, committed 4800K, reserved 1048576K
}
Event: 7.028 GC heap after
{Heap after GC invocations=21 (full 0):
 garbage-first heap   total 104448K, used 46813K [0x0000000090c00000, 0x0000000100000000)
  region size 1024K, 3 young (3072K), 3 survivors (3072K)
 Metaspace       used 37864K, committed 38272K, reserved 1114112K
  class space    used 4591K, committed 4800K, reserved 1048576K
}
Event: 7.103 GC heap before
{Heap before GC invocations=21 (full 0):
 garbage-first heap   total 104448K, used 76509K [0x0000000090c00000, 0x0000000100000000)
  region size 1024K, 33 young (33792K), 3 survivors (3072K)
 Metaspace       used 37954K, committed 38400K, reserved 1114112K
  class space    used 4597K, committed 4800K, reserved 1048576K
}
Event: 7.110 GC heap after
{Heap after GC invocations=22 (full 0):
 garbage-first heap   total 104448K, used 48868K [0x0000000090c00000, 0x0000000100000000)
  region size 1024K, 5 young (5120K), 5 survivors (5120K)
 Metaspace       used 37954K, committed 38400K, reserved 1114112K
  class space    used 4597K, committed 4800K, reserved 1048576K
}
Event: 7.173 GC heap before
{Heap before GC invocations=22 (full 0):
 garbage-first heap   total 104448K, used 78564K [0x0000000090c00000, 0x0000000100000000)
  region size 1024K, 35 young (35840K), 5 survivors (5120K)
 Metaspace       used 37955K, committed 38400K, reserved 1114112K
  class space    used 4597K, committed 4800K, reserved 1048576K
}
Event: 7.187 GC heap after
{Heap after GC invocations=23 (full 0):
 garbage-first heap   total 284672K, used 51458K [0x0000000090c00000, 0x0000000100000000)
  region size 1024K, 5 young (5120K), 5 survivors (5120K)
 Metaspace       used 37955K, committed 38400K, reserved 1114112K
  class space    used 4597K, committed 4800K, reserved 1048576K
}
Event: 7.434 GC heap before
{Heap before GC invocations=23 (full 0):
 garbage-first heap   total 284672K, used 185602K [0x0000000090c00000, 0x0000000100000000)
  region size 1024K, 137 young (140288K), 5 survivors (5120K)
 Metaspace       used 37964K, committed 38400K, reserved 1114112K
  class space    used 4599K, committed 4800K, reserved 1048576K
}
Event: 7.450 GC heap after
{Heap after GC invocations=24 (full 0):
 garbage-first heap   total 284672K, used 62168K [0x0000000090c00000, 0x0000000100000000)
  region size 1024K, 16 young (16384K), 16 survivors (16384K)
 Metaspace       used 37964K, committed 38400K, reserved 1114112K
  class space    used 4599K, committed 4800K, reserved 1048576K
}
Event: 7.673 GC heap before
{Heap before GC invocations=24 (full 0):
 garbage-first heap   total 284672K, used 206552K [0x0000000090c00000, 0x0000000100000000)
  region size 1024K, 157 young (160768K), 16 survivors (16384K)
 Metaspace       used 37964K, committed 38400K, reserved 1114112K
  class space    used 4599K, committed 4800K, reserved 1048576K
}
Event: 7.697 GC heap after
{Heap after GC invocations=25 (full 0):
 garbage-first heap   total 284672K, used 73572K [0x0000000090c00000, 0x0000000100000000)
  region size 1024K, 12 young (12288K), 12 survivors (12288K)
 Metaspace       used 37964K, committed 38400K, reserved 1114112K
  class space    used 4599K, committed 4800K, reserved 1048576K
}
Event: 7.980 GC heap before
{Heap before GC invocations=25 (full 0):
 garbage-first heap   total 284672K, used 213860K [0x0000000090c00000, 0x0000000100000000)
  region size 1024K, 150 young (153600K), 12 survivors (12288K)
 Metaspace       used 37965K, committed 38400K, reserved 1114112K
  class space    used 4599K, committed 4800K, reserved 1048576K
}
Event: 7.997 GC heap after
{Heap after GC invocations=26 (full 0):
 garbage-first heap   total 284672K, used 83077K [0x0000000090c00000, 0x0000000100000000)
  region size 1024K, 10 young (10240K), 10 survivors (10240K)
 Metaspace       used 37965K, committed 38400K, reserved 1114112K
  class space    used 4599K, committed 4800K, reserved 1048576K
}
Event: 8.339 GC heap before
{Heap before GC invocations=26 (full 0):
 garbage-first heap   total 284672K, used 221317K [0x0000000090c00000, 0x0000000100000000)
  region size 1024K, 146 young (149504K), 10 survivors (10240K)
 Metaspace       used 37965K, committed 38400K, reserved 1114112K
  class space    used 4599K, committed 4800K, reserved 1048576K
}

